{"level":"error","message":"getaddrinfo ENOTFOUND redis","timestamp":"2026-07-10 11:35:26"}
{"level":"warn","message":"Redis reconnect attempt #1, retrying in 100ms","timestamp":"2026-07-10 11:35:26"}
{"level":"warn","message":"Redis connection closed","timestamp":"2026-07-10 11:35:26"}
{"level":"info","message":"✅ Prisma connected","timestamp":"2026-07-10 11:35:26"}
{"level":"error","message":"getaddrinfo ENOTFOUND redis","timestamp":"2026-07-10 11:35:26"}
{"level":"error","message":"getaddrinfo ENOTFOUND redis","timestamp":"2026-07-10 11:37:55"}
{"level":"warn","message":"Redis reconnect attempt #1, retrying in 100ms","timestamp":"2026-07-10 11:37:55"}
{"level":"warn","message":"Redis connection closed","timestamp":"2026-07-10 11:37:55"}
{"level":"info","message":"✅ Prisma connected","timestamp":"2026-07-10 11:37:55"}
{"level":"error","message":"getaddrinfo ENOTFOUND redis","timestamp":"2026-07-10 11:37:55"}
{"level":"error","message":"getaddrinfo ENOTFOUND redis","timestamp":"2026-07-10 11:41:16"}
{"level":"warn","message":"Redis reconnect attempt #1, retrying in 100ms","timestamp":"2026-07-10 11:41:16"}
{"level":"warn","message":"Redis connection closed","timestamp":"2026-07-10 11:41:16"}
{"level":"info","message":"✅ Prisma connected","timestamp":"2026-07-10 11:41:16"}
{"level":"error","message":"getaddrinfo ENOTFOUND redis","timestamp":"2026-07-10 11:41:16"}
{"level":"info","message":"Redis connection established","timestamp":"2026-07-10 11:45:15"}
{"level":"info","message":"Redis ready to use","timestamp":"2026-07-10 11:45:15"}
{"level":"info","message":"✅ Prisma connected","timestamp":"2026-07-10 11:45:15"}
{"level":"info","message":"🚀 Server running on http://localhost:3001","timestamp":"2026-07-10 11:45:15"}
{"level":"info","message":"Received SIGINT. Starting graceful shutdown...","timestamp":"2026-07-10 11:45:24"}
{"level":"info","message":"HTTP server closed","timestamp":"2026-07-10 11:45:24"}
{"level":"info","message":"Prisma disconnected","timestamp":"2026-07-10 11:45:24"}
{"level":"info","message":"Redis disconnected","timestamp":"2026-07-10 11:45:24"}
{"level":"info","message":"Redis connection established","timestamp":"2026-07-10 11:46:06"}
{"level":"info","message":"Redis ready to use","timestamp":"2026-07-10 11:46:06"}
{"level":"info","message":"✅ Prisma connected","timestamp":"2026-07-10 11:46:06"}
{"level":"info","message":"🚀 Server running on http://localhost:3001","timestamp":"2026-07-10 11:46:06"}
{"level":"info","message":"Received SIGINT. Starting graceful shutdown...","timestamp":"2026-07-10 11:56:02"}
{"level":"info","message":"HTTP server closed","timestamp":"2026-07-10 11:56:02"}
{"level":"info","message":"Prisma disconnected","timestamp":"2026-07-10 11:56:02"}
{"level":"info","message":"Redis disconnected","timestamp":"2026-07-10 11:56:02"}
{"level":"info","message":"Redis connection established","timestamp":"2026-07-10 12:15:47"}
{"level":"info","message":"Redis ready to use","timestamp":"2026-07-10 12:15:47"}
{"level":"info","message":"✅ Prisma connected","timestamp":"2026-07-10 12:15:47"}
{"level":"info","message":"🚀 Server running on http://localhost:3001","timestamp":"2026-07-10 12:15:47"}
{"level":"info","message":"Received SIGINT. Starting graceful shutdown...","timestamp":"2026-07-10 12:18:48"}
{"level":"info","message":"HTTP server closed","timestamp":"2026-07-10 12:18:48"}
{"level":"info","message":"Prisma disconnected","timestamp":"2026-07-10 12:18:48"}
{"level":"info","message":"Redis disconnected","timestamp":"2026-07-10 12:18:48"}
{"level":"info","message":"Redis connection established","timestamp":"2026-07-10 12:19:33"}
{"level":"info","message":"Redis ready to use","timestamp":"2026-07-10 12:19:33"}
{"level":"info","message":"✅ Prisma connected","timestamp":"2026-07-10 12:19:33"}
{"level":"info","message":"🚀 Server running on http://localhost:3001","timestamp":"2026-07-10 12:19:33"}
{"level":"error","message":"[\n  {\n    \"expected\": \"string\",\n    \"code\": \"invalid_type\",\n    \"path\": [\n      \"firstName\"\n    ],\n    \"message\": \"Invalid input: expected string, received undefined\"\n  },\n  {\n    \"expected\": \"string\",\n    \"code\": \"invalid_type\",\n    \"path\": [\n      \"lastName\"\n    ],\n    \"message\": \"Invalid input: expected string, received undefined\"\n  },\n  {\n    \"expected\": \"string\",\n    \"code\": \"invalid_type\",\n    \"path\": [\n      \"email\"\n    ],\n    \"message\": \"Invalid input: expected string, received undefined\"\n  },\n  {\n    \"expected\": \"string\",\n    \"code\": \"invalid_type\",\n    \"path\": [\n      \"passwordHash\"\n    ],\n    \"message\": \"Invalid input: expected string, received undefined\"\n  },\n  {\n    \"expected\": \"string\",\n    \"code\": \"invalid_type\",\n    \"path\": [\n      \"mobileNumber\"\n    ],\n    \"message\": \"Invalid input: expected string, received undefined\"\n  },\n  {\n    \"expected\": \"string\",\n    \"code\": \"invalid_type\",\n    \"path\": [\n      \"countryCode\"\n    ],\n    \"message\": \"Invalid input: expected string, received undefined\"\n  },\n  {\n    \"code\": \"invalid_value\",\n    \"values\": [\n      \"USER\",\n      \"SUPER_ADMIN\",\n      \"SUB_ADMIN\"\n    ],\n    \"path\": [\n      \"user_type\"\n    ],\n    \"message\": \"Invalid option: expected one of \\\"USER\\\"|\\\"SUPER_ADMIN\\\"|\\\"SUB_ADMIN\\\"\"\n  }\n]","name":"ZodError","stack":"ZodError: [\n  {\n    \"expected\": \"string\",\n    \"code\": \"invalid_type\",\n    \"path\": [\n      \"firstName\"\n    ],\n    \"message\": \"Invalid input: expected string, received undefined\"\n  },\n  {\n    \"expected\": \"string\",\n    \"code\": \"invalid_type\",\n    \"path\": [\n      \"lastName\"\n    ],\n    \"message\": \"Invalid input: expected string, received undefined\"\n  },\n  {\n    \"expected\": \"string\",\n    \"code\": \"invalid_type\",\n    \"path\": [\n      \"email\"\n    ],\n    \"message\": \"Invalid input: expected string, received undefined\"\n  },\n  {\n    \"expected\": \"string\",\n    \"code\": \"invalid_type\",\n    \"path\": [\n      \"passwordHash\"\n    ],\n    \"message\": \"Invalid input: expected string, received undefined\"\n  },\n  {\n    \"expected\": \"string\",\n    \"code\": \"invalid_type\",\n    \"path\": [\n      \"mobileNumber\"\n    ],\n    \"message\": \"Invalid input: expected string, received undefined\"\n  },\n  {\n    \"expected\": \"string\",\n    \"code\": \"invalid_type\",\n    \"path\": [\n      \"countryCode\"\n    ],\n    \"message\": \"Invalid input: expected string, received undefined\"\n  },\n  {\n    \"code\": \"invalid_value\",\n    \"values\": [\n      \"USER\",\n      \"SUPER_ADMIN\",\n      \"SUB_ADMIN\"\n    ],\n    \"path\": [\n      \"user_type\"\n    ],\n    \"message\": \"Invalid option: expected one of \\\"USER\\\"|\\\"SUPER_ADMIN\\\"|\\\"SUB_ADMIN\\\"\"\n  }\n]\n    at /home/hritikbhadauria/Desktop/learn2/dist/src/common/middleware/validate.middleware.js:15:22\n    at Generator.next (<anonymous>)\n    at /home/hritikbhadauria/Desktop/learn2/dist/src/common/middleware/validate.middleware.js:8:71\n    at new Promise (<anonymous>)\n    at __awaiter (/home/hritikbhadauria/Desktop/learn2/dist/src/common/middleware/validate.middleware.js:4:12)\n    at /home/hritikbhadauria/Desktop/learn2/dist/src/common/middleware/validate.middleware.js:13:57\n    at Layer.handleRequest (/home/hritikbhadauria/Desktop/learn2/node_modules/router/lib/layer.js:152:17)\n    at next (/home/hritikbhadauria/Desktop/learn2/node_modules/router/lib/route.js:157:13)\n    at Route.dispatch (/home/hritikbhadauria/Desktop/learn2/node_modules/router/lib/route.js:117:3)\n    at handle (/home/hritikbhadauria/Desktop/learn2/node_modules/router/index.js:435:11)","timestamp":"2026-07-10 12:20:29"}
{"level":"error","message":"[\n  {\n    \"expected\": \"string\",\n    \"code\": \"invalid_type\",\n    \"path\": [\n      \"firstName\"\n    ],\n    \"message\": \"Invalid input: expected string, received undefined\"\n  },\n  {\n    \"expected\": \"string\",\n    \"code\": \"invalid_type\",\n    \"path\": [\n      \"lastName\"\n    ],\n    \"message\": \"Invalid input: expected string, received undefined\"\n  },\n  {\n    \"expected\": \"string\",\n    \"code\": \"invalid_type\",\n    \"path\": [\n      \"email\"\n    ],\n    \"message\": \"Invalid input: expected string, received undefined\"\n  },\n  {\n    \"expected\": \"string\",\n    \"code\": \"invalid_type\",\n    \"path\": [\n      \"passwordHash\"\n    ],\n    \"message\": \"Invalid input: expected string, received undefined\"\n  },\n  {\n    \"expected\": \"string\",\n    \"code\": \"invalid_type\",\n    \"path\": [\n      \"mobileNumber\"\n    ],\n    \"message\": \"Invalid input: expected string, received undefined\"\n  },\n  {\n    \"expected\": \"string\",\n    \"code\": \"invalid_type\",\n    \"path\": [\n      \"countryCode\"\n    ],\n    \"message\": \"Invalid input: expected string, received undefined\"\n  },\n  {\n    \"code\": \"invalid_value\",\n    \"values\": [\n      \"USER\",\n      \"SUPER_ADMIN\",\n      \"SUB_ADMIN\"\n    ],\n    \"path\": [\n      \"user_type\"\n    ],\n    \"message\": \"Invalid option: expected one of \\\"USER\\\"|\\\"SUPER_ADMIN\\\"|\\\"SUB_ADMIN\\\"\"\n  }\n]","name":"ZodError","stack":"ZodError: [\n  {\n    \"expected\": \"string\",\n    \"code\": \"invalid_type\",\n    \"path\": [\n      \"firstName\"\n    ],\n    \"message\": \"Invalid input: expected string, received undefined\"\n  },\n  {\n    \"expected\": \"string\",\n    \"code\": \"invalid_type\",\n    \"path\": [\n      \"lastName\"\n    ],\n    \"message\": \"Invalid input: expected string, received undefined\"\n  },\n  {\n    \"expected\": \"string\",\n    \"code\": \"invalid_type\",\n    \"path\": [\n      \"email\"\n    ],\n    \"message\": \"Invalid input: expected string, received undefined\"\n  },\n  {\n    \"expected\": \"string\",\n    \"code\": \"invalid_type\",\n    \"path\": [\n      \"passwordHash\"\n    ],\n    \"message\": \"Invalid input: expected string, received undefined\"\n  },\n  {\n    \"expected\": \"string\",\n    \"code\": \"invalid_type\",\n    \"path\": [\n      \"mobileNumber\"\n    ],\n    \"message\": \"Invalid input: expected string, received undefined\"\n  },\n  {\n    \"expected\": \"string\",\n    \"code\": \"invalid_type\",\n    \"path\": [\n      \"countryCode\"\n    ],\n    \"message\": \"Invalid input: expected string, received undefined\"\n  },\n  {\n    \"code\": \"invalid_value\",\n    \"values\": [\n      \"USER\",\n      \"SUPER_ADMIN\",\n      \"SUB_ADMIN\"\n    ],\n    \"path\": [\n      \"user_type\"\n    ],\n    \"message\": \"Invalid option: expected one of \\\"USER\\\"|\\\"SUPER_ADMIN\\\"|\\\"SUB_ADMIN\\\"\"\n  }\n]\n    at /home/hritikbhadauria/Desktop/learn2/dist/src/common/middleware/validate.middleware.js:15:22\n    at Generator.next (<anonymous>)\n    at /home/hritikbhadauria/Desktop/learn2/dist/src/common/middleware/validate.middleware.js:8:71\n    at new Promise (<anonymous>)\n    at __awaiter (/home/hritikbhadauria/Desktop/learn2/dist/src/common/middleware/validate.middleware.js:4:12)\n    at /home/hritikbhadauria/Desktop/learn2/dist/src/common/middleware/validate.middleware.js:13:57\n    at Layer.handleRequest (/home/hritikbhadauria/Desktop/learn2/node_modules/router/lib/layer.js:152:17)\n    at next (/home/hritikbhadauria/Desktop/learn2/node_modules/router/lib/route.js:157:13)\n    at Route.dispatch (/home/hritikbhadauria/Desktop/learn2/node_modules/router/lib/route.js:117:3)\n    at handle (/home/hritikbhadauria/Desktop/learn2/node_modules/router/index.js:435:11)","timestamp":"2026-07-10 12:21:58"}
{"level":"info","message":"Received SIGINT. Starting graceful shutdown...","timestamp":"2026-07-10 12:25:03"}
{"level":"info","message":"HTTP server closed","timestamp":"2026-07-10 12:25:03"}
{"level":"info","message":"Prisma disconnected","timestamp":"2026-07-10 12:25:03"}
{"level":"info","message":"Redis connection established","timestamp":"2026-07-10 12:37:37"}
{"level":"info","message":"Redis ready to use","timestamp":"2026-07-10 12:37:37"}
{"level":"info","message":"✅ Prisma connected","timestamp":"2026-07-10 12:37:37"}
{"level":"info","message":"🚀 Server running on http://localhost:3001","timestamp":"2026-07-10 12:37:37"}
{"errorCode":"INTERNAL_SERVER_ERROR","isOperational":true,"level":"error","message":"User with this email already exists","stack":"Error: User with this email already exists\n    at AuthService.<anonymous> (/home/hritikbhadauria/Desktop/learn2/dist/src/modules/authServices/service.js:25:23)\n    at Generator.next (<anonymous>)\n    at fulfilled (/home/hritikbhadauria/Desktop/learn2/dist/src/modules/authServices/service.js:5:58)","statusCode":409,"timestamp":"2026-07-10 12:38:06"}
{"errorCode":"INTERNAL_SERVER_ERROR","isOperational":true,"level":"error","message":"User with this mobile number already exists","stack":"Error: User with this mobile number already exists\n    at AuthService.<anonymous> (/home/hritikbhadauria/Desktop/learn2/dist/src/modules/authServices/service.js:28:23)\n    at Generator.next (<anonymous>)\n    at fulfilled (/home/hritikbhadauria/Desktop/learn2/dist/src/modules/authServices/service.js:5:58)","statusCode":409,"timestamp":"2026-07-10 12:38:17"}
{"clientVersion":"6.19.3","level":"error","message":"\nInvalid `prisma.userCredentials.findUnique()` invocation:\n\n{\n  where: {\n    email: undefined,\n?   cred_id?: String,\n?   AND?: UserCredentialsWhereInput | UserCredentialsWhereInput[],\n?   OR?: UserCredentialsWhereInput[],\n?   NOT?: UserCredentialsWhereInput | UserCredentialsWhereInput[],\n?   passwordHash?: StringFilter | String,\n?   failedLoginAttempts?: IntFilter | Int,\n?   lastLoginAt?: DateTimeNullableFilter | DateTime | Null,\n?   createdAt?: DateTimeFilter | DateTime,\n?   updatedAt?: DateTimeFilter | DateTime,\n?   profile?: UserProfileNullableScalarRelationFilter | UserProfileWhereInput | Null,\n?   deviceSessions?: DeviceSessionListRelationFilter\n  },\n  select: {\n    cred_id: true,\n    email: true\n  }\n}\n\nArgument `where` of type UserCredentialsWhereUniqueInput needs at least one of `cred_id` or `email` arguments. Available options are marked with ?.","name":"PrismaClientValidationError","stack":"PrismaClientValidationError: \nInvalid `prisma.userCredentials.findUnique()` invocation:\n\n{\n  where: {\n    email: undefined,\n?   cred_id?: String,\n?   AND?: UserCredentialsWhereInput | UserCredentialsWhereInput[],\n?   OR?: UserCredentialsWhereInput[],\n?   NOT?: UserCredentialsWhereInput | UserCredentialsWhereInput[],\n?   passwordHash?: StringFilter | String,\n?   failedLoginAttempts?: IntFilter | Int,\n?   lastLoginAt?: DateTimeNullableFilter | DateTime | Null,\n?   createdAt?: DateTimeFilter | DateTime,\n?   updatedAt?: DateTimeFilter | DateTime,\n?   profile?: UserProfileNullableScalarRelationFilter | UserProfileWhereInput | Null,\n?   deviceSessions?: DeviceSessionListRelationFilter\n  },\n  select: {\n    cred_id: true,\n    email: true\n  }\n}\n\nArgument `where` of type UserCredentialsWhereUniqueInput needs at least one of `cred_id` or `email` arguments. Available options are marked with ?.\n    at Nn (/home/hritikbhadauria/Desktop/learn2/node_modules/@prisma/client/runtime/library.js:29:1363)\n    at ei.handleRequestError (/home/hritikbhadauria/Desktop/learn2/node_modules/@prisma/client/runtime/library.js:121:6911)\n    at ei.handleAndLogRequestError (/home/hritikbhadauria/Desktop/learn2/node_modules/@prisma/client/runtime/library.js:121:6593)\n    at ei.request (/home/hritikbhadauria/Desktop/learn2/node_modules/@prisma/client/runtime/library.js:121:6300)\n    at async a (/home/hritikbhadauria/Desktop/learn2/node_modules/@prisma/client/runtime/library.js:130:9551)\n    at async Promise.all (index 0)","timestamp":"2026-07-10 12:38:55"}
{"level":"info","message":"Received SIGINT. Starting graceful shutdown...","timestamp":"2026-07-10 12:47:26"}
{"level":"info","message":"HTTP server closed","timestamp":"2026-07-10 12:47:26"}
{"level":"info","message":"Prisma disconnected","timestamp":"2026-07-10 12:47:26"}
{"level":"info","message":"Redis disconnected","timestamp":"2026-07-10 12:47:26"}
{"level":"info","message":"Redis connection established","timestamp":"2026-07-10 12:56:36"}
{"level":"info","message":"Redis ready to use","timestamp":"2026-07-10 12:56:36"}
{"level":"info","message":"✅ Prisma connected","timestamp":"2026-07-10 12:56:36"}
{"level":"info","message":"🚀 Server running on http://localhost:3001","timestamp":"2026-07-10 12:56:36"}
{"errorCode":"INTERNAL_SERVER_ERROR","isOperational":true,"level":"error","message":"User with this mobile number already exists","stack":"Error: User with this mobile number already exists\n    at AuthService.<anonymous> (/home/hritikbhadauria/Desktop/learn2/dist/src/modules/authServices/service.js:28:23)\n    at Generator.next (<anonymous>)\n    at fulfilled (/home/hritikbhadauria/Desktop/learn2/dist/src/modules/authServices/service.js:5:58)","statusCode":409,"timestamp":"2026-07-10 12:56:41"}
